[2025-02-28 09:05:36.387] [3896] [HailoRT] [info] [device.cpp:51] [Device] OS Version: Linux 6.6.62+rpt-rpi-2712 #1 SMP PREEMPT Debian 1:6.6.62-1+rpt1 (2024-11-25) aarch64
[2025-02-28 09:05:36.388] [3896] [HailoRT] [info] [control.cpp:109] [control__parse_identify_results] firmware_version is: 4.19.0
[2025-02-28 09:05:36.388] [3896] [HailoRT] [info] [vdevice.cpp:655] [create] VDevice Infos: 0000:01:00.0
[2025-02-28 09:05:36.577] [3896] [HailoRT] [info] [hef.cpp:1847] [get_network_group_and_network_name] No name was given. Addressing all networks of default network_group: fast_depth
[2025-02-28 09:05:36.580] [3896] [HailoRT] [info] [hef.cpp:1847] [get_network_group_and_network_name] No name was given. Addressing all networks of default network_group: fast_depth
[2025-02-28 09:05:36.584] [3896] [HailoRT] [warning] [device_internal.cpp:616] [check_hef_is_compatible] HEF was compiled for Hailo8L device, while the device itself is Hailo8. This will result in lower performance.
[2025-02-28 09:05:36.584] [3896] [HailoRT] [warning] [device_internal.cpp:616] [check_hef_is_compatible] HEF was compiled for Hailo8L device, while the device itself is Hailo8. This will result in lower performance.
[2025-02-28 09:05:36.598] [3896] [HailoRT] [info] [internal_buffer_manager.cpp:202] [print_execution_results] Default Internal buffer planner failed to meet requirements
[2025-02-28 09:05:36.598] [3896] [HailoRT] [info] [internal_buffer_manager.cpp:212] [print_execution_results] Default Internal buffer planner executed successfully
[2025-02-28 09:05:36.602] [3896] [HailoRT] [info] [device_internal.cpp:57] [configure] Configuring HEF took 17.36534 milliseconds
[2025-02-28 09:05:36.604] [3896] [HailoRT] [info] [vdevice.cpp:753] [configure] Configuring HEF on VDevice took 20.53405 milliseconds
[2025-02-28 09:05:36.616] [3896] [HailoRT] [info] [multi_io_elements.cpp:783] [create] Created (AsyncHwEl)
[2025-02-28 09:05:36.616] [3896] [HailoRT] [info] [queue_elements.cpp:427] [create] Created (EntryPushQEl0fast_depth/input_layer1 | timeout: 10s)
[2025-02-28 09:05:36.616] [3896] [HailoRT] [info] [filter_elements.cpp:101] [create] Created (PreInferEl14fast_depth/input_layer1 | Reorder - src_order: RGB4, src_shape: (224, 224, 3), dst_order: NHWC, dst_shape: (224, 224, 3))
[2025-02-28 09:05:36.616] [3896] [HailoRT] [info] [queue_elements.cpp:427] [create] Created (PushQEl14fast_depth/input_layer1 | timeout: 10s)
[2025-02-28 09:05:36.616] [3896] [HailoRT] [info] [edge_elements.cpp:187] [create] Created (LastAsyncEl0AsyncHwEl)
[2025-02-28 09:05:36.616] [3896] [HailoRT] [info] [pipeline.cpp:872] [print_deep_description] EntryPushQEl0fast_depth/input_layer1 | inputs: user | outputs: PreInferEl14fast_depth/input_layer1
[2025-02-28 09:05:36.616] [3896] [HailoRT] [info] [pipeline.cpp:872] [print_deep_description] PreInferEl14fast_depth/input_layer1 | inputs: EntryPushQEl0fast_depth/input_layer1 | outputs: PushQEl14fast_depth/input_layer1
[2025-02-28 09:05:36.616] [3896] [HailoRT] [info] [pipeline.cpp:872] [print_deep_description] PushQEl14fast_depth/input_layer1 | inputs: PreInferEl14fast_depth/input_layer1 | outputs: AsyncHwEl
[2025-02-28 09:05:36.616] [3896] [HailoRT] [info] [pipeline.cpp:872] [print_deep_description] AsyncHwEl | inputs: PushQEl14fast_depth/input_layer1 | outputs: LastAsyncEl0AsyncHwEl
[2025-02-28 09:05:36.616] [3896] [HailoRT] [info] [pipeline.cpp:872] [print_deep_description] LastAsyncEl0AsyncHwEl | inputs: AsyncHwEl | outputs: user
[2025-02-28 09:05:36.618] [3896] [HailoRT] [info] [async_infer_runner.cpp:86] [shutdown] Pipeline was aborted. Shutting it down
[2025-02-28 09:05:36.618] [3896] [HailoRT] [info] [queue_elements.cpp:543] [execute_deactivate] enqueue() in element PushQEl14fast_depth/input_layer1 was aborted, got status = HAILO_SHUTDOWN_EVENT_SIGNALED(57)
[2025-02-28 09:05:36.618] [3896] [HailoRT] [info] [queue_elements.cpp:543] [execute_deactivate] enqueue() in element EntryPushQEl0fast_depth/input_layer1 was aborted, got status = HAILO_SHUTDOWN_EVENT_SIGNALED(57)
[2025-02-28 09:05:36.618] [3896] [HailoRT] [info] [queue_elements.cpp:43] [~BaseQueueElement] Queue element EntryPushQEl0fast_depth/input_layer1 has 0 frames in his Queue on destruction
[2025-02-28 09:05:36.618] [3896] [HailoRT] [info] [queue_elements.cpp:43] [~BaseQueueElement] Queue element PushQEl14fast_depth/input_layer1 has 0 frames in his Queue on destruction
[2025-02-28 09:06:51.014] [4191] [HailoRT] [info] [device.cpp:51] [Device] OS Version: Linux 6.6.62+rpt-rpi-2712 #1 SMP PREEMPT Debian 1:6.6.62-1+rpt1 (2024-11-25) aarch64
[2025-02-28 09:06:51.015] [4191] [HailoRT] [info] [control.cpp:109] [control__parse_identify_results] firmware_version is: 4.19.0
[2025-02-28 09:06:51.015] [4191] [HailoRT] [info] [vdevice.cpp:655] [create] VDevice Infos: 0000:01:00.0
[2025-02-28 09:06:51.028] [4191] [HailoRT] [info] [hef.cpp:1847] [get_network_group_and_network_name] No name was given. Addressing all networks of default network_group: fast_depth
[2025-02-28 09:06:51.028] [4191] [HailoRT] [info] [hef.cpp:1847] [get_network_group_and_network_name] No name was given. Addressing all networks of default network_group: fast_depth
[2025-02-28 09:06:51.038] [4191] [HailoRT] [info] [internal_buffer_manager.cpp:204] [print_execution_results] Planned internal buffer memory: CMA memory 0, user memory 4194304. memory to edge layer usage factor is 1
[2025-02-28 09:06:51.038] [4191] [HailoRT] [info] [internal_buffer_manager.cpp:212] [print_execution_results] Default Internal buffer planner executed successfully
[2025-02-28 09:06:51.042] [4191] [HailoRT] [info] [device_internal.cpp:57] [configure] Configuring HEF took 11.154991 milliseconds
[2025-02-28 09:06:51.042] [4191] [HailoRT] [info] [vdevice.cpp:753] [configure] Configuring HEF on VDevice took 11.418008 milliseconds
[2025-02-28 09:06:51.042] [4191] [HailoRT] [info] [multi_io_elements.cpp:783] [create] Created (AsyncHwEl)
[2025-02-28 09:06:51.042] [4191] [HailoRT] [info] [queue_elements.cpp:427] [create] Created (EntryPushQEl0fast_depth/input_layer1 | timeout: 10s)
[2025-02-28 09:06:51.042] [4191] [HailoRT] [info] [filter_elements.cpp:101] [create] Created (PreInferEl15fast_depth/input_layer1 | Reorder - src_order: RGB4, src_shape: (224, 224, 3), dst_order: NHWC, dst_shape: (224, 224, 3))
[2025-02-28 09:06:51.042] [4191] [HailoRT] [info] [queue_elements.cpp:427] [create] Created (PushQEl15fast_depth/input_layer1 | timeout: 10s)
[2025-02-28 09:06:51.042] [4191] [HailoRT] [info] [edge_elements.cpp:187] [create] Created (LastAsyncEl0AsyncHwEl)
[2025-02-28 09:06:51.042] [4191] [HailoRT] [info] [pipeline.cpp:872] [print_deep_description] EntryPushQEl0fast_depth/input_layer1 | inputs: user | outputs: PreInferEl15fast_depth/input_layer1
[2025-02-28 09:06:51.042] [4191] [HailoRT] [info] [pipeline.cpp:872] [print_deep_description] PreInferEl15fast_depth/input_layer1 | inputs: EntryPushQEl0fast_depth/input_layer1 | outputs: PushQEl15fast_depth/input_layer1
[2025-02-28 09:06:51.042] [4191] [HailoRT] [info] [pipeline.cpp:872] [print_deep_description] PushQEl15fast_depth/input_layer1 | inputs: PreInferEl15fast_depth/input_layer1 | outputs: AsyncHwEl
[2025-02-28 09:06:51.042] [4191] [HailoRT] [info] [pipeline.cpp:872] [print_deep_description] AsyncHwEl | inputs: PushQEl15fast_depth/input_layer1 | outputs: LastAsyncEl0AsyncHwEl
[2025-02-28 09:06:51.042] [4191] [HailoRT] [info] [pipeline.cpp:872] [print_deep_description] LastAsyncEl0AsyncHwEl | inputs: AsyncHwEl | outputs: user
[2025-02-28 09:06:51.044] [4191] [HailoRT] [info] [async_infer_runner.cpp:86] [shutdown] Pipeline was aborted. Shutting it down
[2025-02-28 09:06:51.044] [4191] [HailoRT] [info] [queue_elements.cpp:543] [execute_deactivate] enqueue() in element PushQEl15fast_depth/input_layer1 was aborted, got status = HAILO_SHUTDOWN_EVENT_SIGNALED(57)
[2025-02-28 09:06:51.044] [4191] [HailoRT] [info] [queue_elements.cpp:543] [execute_deactivate] enqueue() in element EntryPushQEl0fast_depth/input_layer1 was aborted, got status = HAILO_SHUTDOWN_EVENT_SIGNALED(57)
[2025-02-28 09:06:51.044] [4191] [HailoRT] [info] [queue_elements.cpp:43] [~BaseQueueElement] Queue element EntryPushQEl0fast_depth/input_layer1 has 0 frames in his Queue on destruction
[2025-02-28 09:06:51.044] [4191] [HailoRT] [info] [queue_elements.cpp:43] [~BaseQueueElement] Queue element PushQEl15fast_depth/input_layer1 has 0 frames in his Queue on destruction
[2025-02-28 09:17:22.217] [5609] [HailoRT] [info] [device.cpp:51] [Device] OS Version: Linux 6.6.62+rpt-rpi-2712 #1 SMP PREEMPT Debian 1:6.6.62-1+rpt1 (2024-11-25) aarch64
[2025-02-28 09:17:22.219] [5609] [HailoRT] [info] [control.cpp:109] [control__parse_identify_results] firmware_version is: 4.19.0
[2025-02-28 09:17:22.219] [5609] [HailoRT] [info] [vdevice.cpp:655] [create] VDevice Infos: 0000:01:00.0
[2025-02-28 09:17:22.231] [5609] [HailoRT] [info] [hef.cpp:1847] [get_network_group_and_network_name] No name was given. Addressing all networks of default network_group: fast_depth
[2025-02-28 09:17:22.231] [5609] [HailoRT] [info] [hef.cpp:1847] [get_network_group_and_network_name] No name was given. Addressing all networks of default network_group: fast_depth
[2025-02-28 09:17:22.243] [5609] [HailoRT] [info] [internal_buffer_manager.cpp:204] [print_execution_results] Planned internal buffer memory: CMA memory 0, user memory 4194304. memory to edge layer usage factor is 1
[2025-02-28 09:17:22.243] [5609] [HailoRT] [info] [internal_buffer_manager.cpp:212] [print_execution_results] Default Internal buffer planner executed successfully
[2025-02-28 09:17:22.248] [5609] [HailoRT] [info] [device_internal.cpp:57] [configure] Configuring HEF took 13.598382 milliseconds
[2025-02-28 09:17:22.248] [5609] [HailoRT] [info] [vdevice.cpp:753] [configure] Configuring HEF on VDevice took 13.860844 milliseconds
[2025-02-28 09:17:22.248] [5609] [HailoRT] [info] [multi_io_elements.cpp:783] [create] Created (AsyncHwEl)
[2025-02-28 09:17:22.248] [5609] [HailoRT] [info] [queue_elements.cpp:427] [create] Created (EntryPushQEl0fast_depth/input_layer1 | timeout: 10s)
[2025-02-28 09:17:22.248] [5609] [HailoRT] [info] [filter_elements.cpp:101] [create] Created (PreInferEl15fast_depth/input_layer1 | Reorder - src_order: RGB4, src_shape: (224, 224, 3), dst_order: NHWC, dst_shape: (224, 224, 3))
[2025-02-28 09:17:22.249] [5609] [HailoRT] [info] [queue_elements.cpp:427] [create] Created (PushQEl15fast_depth/input_layer1 | timeout: 10s)
[2025-02-28 09:17:22.249] [5609] [HailoRT] [info] [edge_elements.cpp:187] [create] Created (LastAsyncEl0AsyncHwEl)
[2025-02-28 09:17:22.249] [5609] [HailoRT] [info] [pipeline.cpp:872] [print_deep_description] EntryPushQEl0fast_depth/input_layer1 | inputs: user | outputs: PreInferEl15fast_depth/input_layer1
[2025-02-28 09:17:22.249] [5609] [HailoRT] [info] [pipeline.cpp:872] [print_deep_description] PreInferEl15fast_depth/input_layer1 | inputs: EntryPushQEl0fast_depth/input_layer1 | outputs: PushQEl15fast_depth/input_layer1
[2025-02-28 09:17:22.249] [5609] [HailoRT] [info] [pipeline.cpp:872] [print_deep_description] PushQEl15fast_depth/input_layer1 | inputs: PreInferEl15fast_depth/input_layer1 | outputs: AsyncHwEl
[2025-02-28 09:17:22.249] [5609] [HailoRT] [info] [pipeline.cpp:872] [print_deep_description] AsyncHwEl | inputs: PushQEl15fast_depth/input_layer1 | outputs: LastAsyncEl0AsyncHwEl
[2025-02-28 09:17:22.249] [5609] [HailoRT] [info] [pipeline.cpp:872] [print_deep_description] LastAsyncEl0AsyncHwEl | inputs: AsyncHwEl | outputs: user
[2025-02-28 09:17:22.250] [5609] [HailoRT] [info] [async_infer_runner.cpp:86] [shutdown] Pipeline was aborted. Shutting it down
[2025-02-28 09:17:22.250] [5609] [HailoRT] [info] [queue_elements.cpp:543] [execute_deactivate] enqueue() in element PushQEl15fast_depth/input_layer1 was aborted, got status = HAILO_SHUTDOWN_EVENT_SIGNALED(57)
[2025-02-28 09:17:22.250] [5609] [HailoRT] [info] [queue_elements.cpp:543] [execute_deactivate] enqueue() in element EntryPushQEl0fast_depth/input_layer1 was aborted, got status = HAILO_SHUTDOWN_EVENT_SIGNALED(57)
[2025-02-28 09:17:22.250] [5609] [HailoRT] [info] [queue_elements.cpp:43] [~BaseQueueElement] Queue element EntryPushQEl0fast_depth/input_layer1 has 0 frames in his Queue on destruction
[2025-02-28 09:17:22.250] [5609] [HailoRT] [info] [queue_elements.cpp:43] [~BaseQueueElement] Queue element PushQEl15fast_depth/input_layer1 has 0 frames in his Queue on destruction
[2025-02-28 09:19:23.687] [5928] [HailoRT] [info] [device.cpp:51] [Device] OS Version: Linux 6.6.62+rpt-rpi-2712 #1 SMP PREEMPT Debian 1:6.6.62-1+rpt1 (2024-11-25) aarch64
[2025-02-28 09:19:23.688] [5928] [HailoRT] [info] [control.cpp:109] [control__parse_identify_results] firmware_version is: 4.19.0
[2025-02-28 09:19:23.688] [5928] [HailoRT] [info] [vdevice.cpp:655] [create] VDevice Infos: 0000:01:00.0
[2025-02-28 09:19:23.688] [5928] [HailoRT] [error] [file_utils.cpp:40] [read_binary_file] CHECK failed - Error opening file {self.hef_path}
[2025-02-28 09:19:23.688] [5928] [HailoRT] [error] [hef.cpp:484] [parse_hef_file] CHECK_SUCCESS failed with status=HAILO_OPEN_FILE_FAILURE(13)
[2025-02-28 09:19:23.688] [5928] [HailoRT] [error] [hef.cpp:921] [Impl] Failed parsing HEF file
[2025-02-28 09:19:23.688] [5928] [HailoRT] [error] [hef.cpp:307] [create] Failed creating HEF
[2025-02-28 09:19:23.688] [5928] [HailoRT] [error] [hef.cpp:163] [create] CHECK_SUCCESS failed with status=HAILO_OPEN_FILE_FAILURE(13)
[2025-02-28 09:19:23.688] [5928] [HailoRT] [error] [infer_model.cpp:206] [create] CHECK_SUCCESS failed with status=HAILO_OPEN_FILE_FAILURE(13)
[2025-02-28 09:19:23.688] [5928] [HailoRT] [error] [vdevice.cpp:771] [create_infer_model] CHECK_SUCCESS failed with status=HAILO_OPEN_FILE_FAILURE(13)
[2025-02-28 09:19:44.727] [5976] [HailoRT] [info] [device.cpp:51] [Device] OS Version: Linux 6.6.62+rpt-rpi-2712 #1 SMP PREEMPT Debian 1:6.6.62-1+rpt1 (2024-11-25) aarch64
[2025-02-28 09:19:44.728] [5976] [HailoRT] [info] [control.cpp:109] [control__parse_identify_results] firmware_version is: 4.19.0
[2025-02-28 09:19:44.728] [5976] [HailoRT] [info] [vdevice.cpp:655] [create] VDevice Infos: 0000:01:00.0
[2025-02-28 09:19:44.728] [5976] [HailoRT] [error] [file_utils.cpp:40] [read_binary_file] CHECK failed - Error opening file {self.hef_path}
[2025-02-28 09:19:44.728] [5976] [HailoRT] [error] [hef.cpp:484] [parse_hef_file] CHECK_SUCCESS failed with status=HAILO_OPEN_FILE_FAILURE(13)
[2025-02-28 09:19:44.728] [5976] [HailoRT] [error] [hef.cpp:921] [Impl] Failed parsing HEF file
[2025-02-28 09:19:44.728] [5976] [HailoRT] [error] [hef.cpp:307] [create] Failed creating HEF
[2025-02-28 09:19:44.728] [5976] [HailoRT] [error] [hef.cpp:163] [create] CHECK_SUCCESS failed with status=HAILO_OPEN_FILE_FAILURE(13)
[2025-02-28 09:19:44.728] [5976] [HailoRT] [error] [infer_model.cpp:206] [create] CHECK_SUCCESS failed with status=HAILO_OPEN_FILE_FAILURE(13)
[2025-02-28 09:19:44.728] [5976] [HailoRT] [error] [vdevice.cpp:771] [create_infer_model] CHECK_SUCCESS failed with status=HAILO_OPEN_FILE_FAILURE(13)
[2025-02-28 09:21:11.211] [6154] [HailoRT] [info] [device.cpp:51] [Device] OS Version: Linux 6.6.62+rpt-rpi-2712 #1 SMP PREEMPT Debian 1:6.6.62-1+rpt1 (2024-11-25) aarch64
[2025-02-28 09:21:11.212] [6154] [HailoRT] [info] [control.cpp:109] [control__parse_identify_results] firmware_version is: 4.19.0
[2025-02-28 09:21:11.212] [6154] [HailoRT] [info] [vdevice.cpp:655] [create] VDevice Infos: 0000:01:00.0
[2025-02-28 09:21:11.225] [6154] [HailoRT] [info] [hef.cpp:1847] [get_network_group_and_network_name] No name was given. Addressing all networks of default network_group: fast_depth
[2025-02-28 09:21:11.225] [6154] [HailoRT] [info] [hef.cpp:1847] [get_network_group_and_network_name] No name was given. Addressing all networks of default network_group: fast_depth
[2025-02-28 09:24:15.951] [6495] [HailoRT] [info] [device.cpp:51] [Device] OS Version: Linux 6.6.62+rpt-rpi-2712 #1 SMP PREEMPT Debian 1:6.6.62-1+rpt1 (2024-11-25) aarch64
[2025-02-28 09:24:15.952] [6495] [HailoRT] [info] [control.cpp:109] [control__parse_identify_results] firmware_version is: 4.19.0
[2025-02-28 09:24:15.952] [6495] [HailoRT] [info] [vdevice.cpp:655] [create] VDevice Infos: 0000:01:00.0
[2025-02-28 09:24:15.965] [6495] [HailoRT] [info] [hef.cpp:1847] [get_network_group_and_network_name] No name was given. Addressing all networks of default network_group: fast_depth
[2025-02-28 09:24:15.965] [6495] [HailoRT] [info] [hef.cpp:1847] [get_network_group_and_network_name] No name was given. Addressing all networks of default network_group: fast_depth
[2025-02-28 09:24:24.383] [6525] [HailoRT] [info] [device.cpp:51] [Device] OS Version: Linux 6.6.62+rpt-rpi-2712 #1 SMP PREEMPT Debian 1:6.6.62-1+rpt1 (2024-11-25) aarch64
[2025-02-28 09:24:24.384] [6525] [HailoRT] [info] [control.cpp:109] [control__parse_identify_results] firmware_version is: 4.19.0
[2025-02-28 09:24:24.384] [6525] [HailoRT] [info] [vdevice.cpp:655] [create] VDevice Infos: 0000:01:00.0
[2025-02-28 09:24:24.397] [6525] [HailoRT] [info] [hef.cpp:1847] [get_network_group_and_network_name] No name was given. Addressing all networks of default network_group: fast_depth
[2025-02-28 09:24:24.397] [6525] [HailoRT] [info] [hef.cpp:1847] [get_network_group_and_network_name] No name was given. Addressing all networks of default network_group: fast_depth
[2025-02-28 09:26:49.915] [6787] [HailoRT] [info] [device.cpp:51] [Device] OS Version: Linux 6.6.62+rpt-rpi-2712 #1 SMP PREEMPT Debian 1:6.6.62-1+rpt1 (2024-11-25) aarch64
[2025-02-28 09:26:49.916] [6787] [HailoRT] [info] [control.cpp:109] [control__parse_identify_results] firmware_version is: 4.19.0
[2025-02-28 09:26:49.916] [6787] [HailoRT] [info] [vdevice.cpp:655] [create] VDevice Infos: 0000:01:00.0
[2025-02-28 09:26:49.930] [6787] [HailoRT] [info] [hef.cpp:1847] [get_network_group_and_network_name] No name was given. Addressing all networks of default network_group: fast_depth
[2025-02-28 09:26:49.930] [6787] [HailoRT] [info] [hef.cpp:1847] [get_network_group_and_network_name] No name was given. Addressing all networks of default network_group: fast_depth
[2025-02-28 09:26:49.940] [6787] [HailoRT] [info] [internal_buffer_manager.cpp:204] [print_execution_results] Planned internal buffer memory: CMA memory 0, user memory 4194304. memory to edge layer usage factor is 1
[2025-02-28 09:26:49.940] [6787] [HailoRT] [info] [internal_buffer_manager.cpp:212] [print_execution_results] Default Internal buffer planner executed successfully
[2025-02-28 09:26:49.945] [6787] [HailoRT] [info] [device_internal.cpp:57] [configure] Configuring HEF took 11.642021 milliseconds
[2025-02-28 09:26:49.945] [6787] [HailoRT] [info] [vdevice.cpp:753] [configure] Configuring HEF on VDevice took 11.908816 milliseconds
[2025-02-28 09:26:49.945] [6787] [HailoRT] [info] [multi_io_elements.cpp:783] [create] Created (AsyncHwEl)
[2025-02-28 09:26:49.945] [6787] [HailoRT] [info] [queue_elements.cpp:427] [create] Created (EntryPushQEl0fast_depth/input_layer1 | timeout: 10s)
[2025-02-28 09:26:49.945] [6787] [HailoRT] [info] [filter_elements.cpp:101] [create] Created (PreInferEl15fast_depth/input_layer1 | Reorder - src_order: RGB4, src_shape: (224, 224, 3), dst_order: NHWC, dst_shape: (224, 224, 3))
[2025-02-28 09:26:49.945] [6787] [HailoRT] [info] [queue_elements.cpp:427] [create] Created (PushQEl15fast_depth/input_layer1 | timeout: 10s)
[2025-02-28 09:26:49.945] [6787] [HailoRT] [info] [edge_elements.cpp:187] [create] Created (LastAsyncEl0AsyncHwEl)
[2025-02-28 09:26:49.945] [6787] [HailoRT] [info] [pipeline.cpp:872] [print_deep_description] EntryPushQEl0fast_depth/input_layer1 | inputs: user | outputs: PreInferEl15fast_depth/input_layer1
[2025-02-28 09:26:49.945] [6787] [HailoRT] [info] [pipeline.cpp:872] [print_deep_description] PreInferEl15fast_depth/input_layer1 | inputs: EntryPushQEl0fast_depth/input_layer1 | outputs: PushQEl15fast_depth/input_layer1
[2025-02-28 09:26:49.945] [6787] [HailoRT] [info] [pipeline.cpp:872] [print_deep_description] PushQEl15fast_depth/input_layer1 | inputs: PreInferEl15fast_depth/input_layer1 | outputs: AsyncHwEl
[2025-02-28 09:26:49.945] [6787] [HailoRT] [info] [pipeline.cpp:872] [print_deep_description] AsyncHwEl | inputs: PushQEl15fast_depth/input_layer1 | outputs: LastAsyncEl0AsyncHwEl
[2025-02-28 09:26:49.945] [6787] [HailoRT] [info] [pipeline.cpp:872] [print_deep_description] LastAsyncEl0AsyncHwEl | inputs: AsyncHwEl | outputs: user
[2025-02-28 09:26:49.946] [6787] [HailoRT] [info] [async_infer_runner.cpp:86] [shutdown] Pipeline was aborted. Shutting it down
[2025-02-28 09:26:49.947] [6787] [HailoRT] [info] [queue_elements.cpp:543] [execute_deactivate] enqueue() in element PushQEl15fast_depth/input_layer1 was aborted, got status = HAILO_SHUTDOWN_EVENT_SIGNALED(57)
[2025-02-28 09:26:49.947] [6787] [HailoRT] [info] [queue_elements.cpp:543] [execute_deactivate] enqueue() in element EntryPushQEl0fast_depth/input_layer1 was aborted, got status = HAILO_SHUTDOWN_EVENT_SIGNALED(57)
[2025-02-28 09:26:49.947] [6787] [HailoRT] [info] [queue_elements.cpp:43] [~BaseQueueElement] Queue element EntryPushQEl0fast_depth/input_layer1 has 0 frames in his Queue on destruction
[2025-02-28 09:26:49.947] [6787] [HailoRT] [info] [queue_elements.cpp:43] [~BaseQueueElement] Queue element PushQEl15fast_depth/input_layer1 has 0 frames in his Queue on destruction
[2025-02-28 09:27:06.923] [6845] [HailoRT] [info] [device.cpp:51] [Device] OS Version: Linux 6.6.62+rpt-rpi-2712 #1 SMP PREEMPT Debian 1:6.6.62-1+rpt1 (2024-11-25) aarch64
[2025-02-28 09:27:06.924] [6845] [HailoRT] [info] [control.cpp:109] [control__parse_identify_results] firmware_version is: 4.19.0
[2025-02-28 09:27:06.924] [6845] [HailoRT] [info] [vdevice.cpp:655] [create] VDevice Infos: 0000:01:00.0
[2025-02-28 09:27:06.936] [6845] [HailoRT] [info] [hef.cpp:1847] [get_network_group_and_network_name] No name was given. Addressing all networks of default network_group: fast_depth
[2025-02-28 09:27:06.936] [6845] [HailoRT] [info] [hef.cpp:1847] [get_network_group_and_network_name] No name was given. Addressing all networks of default network_group: fast_depth
[2025-02-28 09:27:06.947] [6845] [HailoRT] [info] [internal_buffer_manager.cpp:204] [print_execution_results] Planned internal buffer memory: CMA memory 0, user memory 4194304. memory to edge layer usage factor is 1
[2025-02-28 09:27:06.947] [6845] [HailoRT] [info] [internal_buffer_manager.cpp:212] [print_execution_results] Default Internal buffer planner executed successfully
[2025-02-28 09:27:06.951] [6845] [HailoRT] [info] [device_internal.cpp:57] [configure] Configuring HEF took 11.120819 milliseconds
[2025-02-28 09:27:06.951] [6845] [HailoRT] [info] [vdevice.cpp:753] [configure] Configuring HEF on VDevice took 11.379911 milliseconds
[2025-02-28 09:27:06.951] [6845] [HailoRT] [info] [multi_io_elements.cpp:783] [create] Created (AsyncHwEl)
[2025-02-28 09:27:06.951] [6845] [HailoRT] [info] [queue_elements.cpp:427] [create] Created (EntryPushQEl0fast_depth/input_layer1 | timeout: 10s)
[2025-02-28 09:27:06.951] [6845] [HailoRT] [info] [filter_elements.cpp:101] [create] Created (PreInferEl15fast_depth/input_layer1 | Reorder - src_order: RGB4, src_shape: (224, 224, 3), dst_order: NHWC, dst_shape: (224, 224, 3))
[2025-02-28 09:27:06.951] [6845] [HailoRT] [info] [queue_elements.cpp:427] [create] Created (PushQEl15fast_depth/input_layer1 | timeout: 10s)
[2025-02-28 09:27:06.951] [6845] [HailoRT] [info] [edge_elements.cpp:187] [create] Created (LastAsyncEl0AsyncHwEl)
[2025-02-28 09:27:06.951] [6845] [HailoRT] [info] [pipeline.cpp:872] [print_deep_description] EntryPushQEl0fast_depth/input_layer1 | inputs: user | outputs: PreInferEl15fast_depth/input_layer1
[2025-02-28 09:27:06.951] [6845] [HailoRT] [info] [pipeline.cpp:872] [print_deep_description] PreInferEl15fast_depth/input_layer1 | inputs: EntryPushQEl0fast_depth/input_layer1 | outputs: PushQEl15fast_depth/input_layer1
[2025-02-28 09:27:06.951] [6845] [HailoRT] [info] [pipeline.cpp:872] [print_deep_description] PushQEl15fast_depth/input_layer1 | inputs: PreInferEl15fast_depth/input_layer1 | outputs: AsyncHwEl
[2025-02-28 09:27:06.951] [6845] [HailoRT] [info] [pipeline.cpp:872] [print_deep_description] AsyncHwEl | inputs: PushQEl15fast_depth/input_layer1 | outputs: LastAsyncEl0AsyncHwEl
[2025-02-28 09:27:06.951] [6845] [HailoRT] [info] [pipeline.cpp:872] [print_deep_description] LastAsyncEl0AsyncHwEl | inputs: AsyncHwEl | outputs: user
[2025-02-28 09:27:06.953] [6845] [HailoRT] [info] [async_infer_runner.cpp:86] [shutdown] Pipeline was aborted. Shutting it down
[2025-02-28 09:27:06.953] [6845] [HailoRT] [info] [queue_elements.cpp:543] [execute_deactivate] enqueue() in element PushQEl15fast_depth/input_layer1 was aborted, got status = HAILO_SHUTDOWN_EVENT_SIGNALED(57)
[2025-02-28 09:27:06.953] [6845] [HailoRT] [info] [queue_elements.cpp:543] [execute_deactivate] enqueue() in element EntryPushQEl0fast_depth/input_layer1 was aborted, got status = HAILO_SHUTDOWN_EVENT_SIGNALED(57)
[2025-02-28 09:27:06.953] [6845] [HailoRT] [info] [queue_elements.cpp:43] [~BaseQueueElement] Queue element EntryPushQEl0fast_depth/input_layer1 has 0 frames in his Queue on destruction
[2025-02-28 09:27:06.953] [6845] [HailoRT] [info] [queue_elements.cpp:43] [~BaseQueueElement] Queue element PushQEl15fast_depth/input_layer1 has 0 frames in his Queue on destruction
[2025-02-28 09:28:10.527] [6978] [HailoRT] [info] [device.cpp:51] [Device] OS Version: Linux 6.6.62+rpt-rpi-2712 #1 SMP PREEMPT Debian 1:6.6.62-1+rpt1 (2024-11-25) aarch64
[2025-02-28 09:28:10.528] [6978] [HailoRT] [info] [control.cpp:109] [control__parse_identify_results] firmware_version is: 4.19.0
[2025-02-28 09:28:10.528] [6978] [HailoRT] [info] [vdevice.cpp:655] [create] VDevice Infos: 0000:01:00.0
[2025-02-28 09:28:10.540] [6978] [HailoRT] [info] [hef.cpp:1847] [get_network_group_and_network_name] No name was given. Addressing all networks of default network_group: fast_depth
[2025-02-28 09:28:10.540] [6978] [HailoRT] [info] [hef.cpp:1847] [get_network_group_and_network_name] No name was given. Addressing all networks of default network_group: fast_depth
[2025-02-28 09:28:10.550] [6978] [HailoRT] [info] [internal_buffer_manager.cpp:204] [print_execution_results] Planned internal buffer memory: CMA memory 0, user memory 4194304. memory to edge layer usage factor is 1
[2025-02-28 09:28:10.550] [6978] [HailoRT] [info] [internal_buffer_manager.cpp:212] [print_execution_results] Default Internal buffer planner executed successfully
[2025-02-28 09:28:10.555] [6978] [HailoRT] [info] [device_internal.cpp:57] [configure] Configuring HEF took 11.031801 milliseconds
[2025-02-28 09:28:10.555] [6978] [HailoRT] [info] [vdevice.cpp:753] [configure] Configuring HEF on VDevice took 11.292429 milliseconds
[2025-02-28 09:28:10.555] [6978] [HailoRT] [info] [multi_io_elements.cpp:783] [create] Created (AsyncHwEl)
[2025-02-28 09:28:10.555] [6978] [HailoRT] [info] [queue_elements.cpp:427] [create] Created (EntryPushQEl0fast_depth/input_layer1 | timeout: 10s)
[2025-02-28 09:28:10.555] [6978] [HailoRT] [info] [filter_elements.cpp:101] [create] Created (PreInferEl15fast_depth/input_layer1 | Reorder - src_order: RGB4, src_shape: (224, 224, 3), dst_order: NHWC, dst_shape: (224, 224, 3))
[2025-02-28 09:28:10.555] [6978] [HailoRT] [info] [queue_elements.cpp:427] [create] Created (PushQEl15fast_depth/input_layer1 | timeout: 10s)
[2025-02-28 09:28:10.555] [6978] [HailoRT] [info] [edge_elements.cpp:187] [create] Created (LastAsyncEl0AsyncHwEl)
[2025-02-28 09:28:10.555] [6978] [HailoRT] [info] [pipeline.cpp:872] [print_deep_description] EntryPushQEl0fast_depth/input_layer1 | inputs: user | outputs: PreInferEl15fast_depth/input_layer1
[2025-02-28 09:28:10.555] [6978] [HailoRT] [info] [pipeline.cpp:872] [print_deep_description] PreInferEl15fast_depth/input_layer1 | inputs: EntryPushQEl0fast_depth/input_layer1 | outputs: PushQEl15fast_depth/input_layer1
[2025-02-28 09:28:10.555] [6978] [HailoRT] [info] [pipeline.cpp:872] [print_deep_description] PushQEl15fast_depth/input_layer1 | inputs: PreInferEl15fast_depth/input_layer1 | outputs: AsyncHwEl
[2025-02-28 09:28:10.555] [6978] [HailoRT] [info] [pipeline.cpp:872] [print_deep_description] AsyncHwEl | inputs: PushQEl15fast_depth/input_layer1 | outputs: LastAsyncEl0AsyncHwEl
[2025-02-28 09:28:10.555] [6978] [HailoRT] [info] [pipeline.cpp:872] [print_deep_description] LastAsyncEl0AsyncHwEl | inputs: AsyncHwEl | outputs: user
[2025-02-28 09:28:10.556] [6978] [HailoRT] [info] [async_infer_runner.cpp:86] [shutdown] Pipeline was aborted. Shutting it down
[2025-02-28 09:28:10.556] [6978] [HailoRT] [info] [queue_elements.cpp:543] [execute_deactivate] enqueue() in element PushQEl15fast_depth/input_layer1 was aborted, got status = HAILO_SHUTDOWN_EVENT_SIGNALED(57)
[2025-02-28 09:28:10.556] [6978] [HailoRT] [info] [queue_elements.cpp:543] [execute_deactivate] enqueue() in element EntryPushQEl0fast_depth/input_layer1 was aborted, got status = HAILO_SHUTDOWN_EVENT_SIGNALED(57)
[2025-02-28 09:28:10.556] [6978] [HailoRT] [info] [queue_elements.cpp:43] [~BaseQueueElement] Queue element EntryPushQEl0fast_depth/input_layer1 has 0 frames in his Queue on destruction
[2025-02-28 09:28:10.556] [6978] [HailoRT] [info] [queue_elements.cpp:43] [~BaseQueueElement] Queue element PushQEl15fast_depth/input_layer1 has 0 frames in his Queue on destruction
[2025-02-28 09:33:18.186] [8240] [HailoRT] [info] [vdevice.cpp:523] [create] Creating vdevice with params: device_count: 1, scheduling_algorithm: ROUND_ROBIN, multi_process_service: false
[2025-02-28 09:33:18.198] [8240] [HailoRT] [error] [hailort_driver.cpp:236] [validate_driver_version] CHECK failed - Driver version (4.19.0) is different from library version (4.20.0)
[2025-02-28 09:33:18.198] [8240] [HailoRT] [error] [hailort_driver.cpp:258] [HailoRTDriver] Driver version mismatch, status HAILO_INVALID_DRIVER_VERSION(76)
[2025-02-28 09:33:18.198] [8240] [HailoRT] [error] [hailort_driver.cpp:183] [create] CHECK_SUCCESS failed with status=HAILO_INVALID_DRIVER_VERSION(76)
[2025-02-28 09:33:18.235] [8240] [HailoRT] [error] [pcie_device.cpp:91] [create] CHECK_SUCCESS failed with status=HAILO_INVALID_DRIVER_VERSION(76)
[2025-02-28 09:33:18.235] [8240] [HailoRT] [error] [device.cpp:128] [create_pcie] CHECK_SUCCESS failed with status=HAILO_INVALID_DRIVER_VERSION(76)
[2025-02-28 09:33:18.235] [8240] [HailoRT] [error] [vdevice.cpp:794] [create_devices] CHECK_SUCCESS failed with status=HAILO_INVALID_DRIVER_VERSION(76)
[2025-02-28 09:33:18.235] [8240] [HailoRT] [error] [vdevice.cpp:631] [create] CHECK_SUCCESS failed with status=HAILO_INVALID_DRIVER_VERSION(76)
[2025-02-28 09:33:18.235] [8240] [HailoRT] [error] [shared_resource_manager.hpp:81] [register_resource] CHECK_SUCCESS failed with status=HAILO_INVALID_DRIVER_VERSION(76)
[2025-02-28 09:33:18.235] [8240] [HailoRT] [error] [vdevice.cpp:132] [create] CHECK_SUCCESS failed with status=HAILO_INVALID_DRIVER_VERSION(76)
[2025-02-28 09:33:18.235] [8240] [HailoRT] [error] [vdevice.cpp:554] [create] CHECK_SUCCESS failed with status=HAILO_INVALID_DRIVER_VERSION(76)
[2025-02-28 09:35:46.933] [8743] [HailoRT] [info] [vdevice.cpp:523] [create] Creating vdevice with params: device_count: 1, scheduling_algorithm: ROUND_ROBIN, multi_process_service: false
[2025-02-28 09:35:46.945] [8743] [HailoRT] [error] [hailort_driver.cpp:236] [validate_driver_version] CHECK failed - Driver version (4.19.0) is different from library version (4.20.0)
[2025-02-28 09:35:46.945] [8743] [HailoRT] [error] [hailort_driver.cpp:258] [HailoRTDriver] Driver version mismatch, status HAILO_INVALID_DRIVER_VERSION(76)
[2025-02-28 09:35:46.945] [8743] [HailoRT] [error] [hailort_driver.cpp:183] [create] CHECK_SUCCESS failed with status=HAILO_INVALID_DRIVER_VERSION(76)
[2025-02-28 09:35:46.975] [8743] [HailoRT] [error] [pcie_device.cpp:91] [create] CHECK_SUCCESS failed with status=HAILO_INVALID_DRIVER_VERSION(76)
[2025-02-28 09:35:46.975] [8743] [HailoRT] [error] [device.cpp:128] [create_pcie] CHECK_SUCCESS failed with status=HAILO_INVALID_DRIVER_VERSION(76)
[2025-02-28 09:35:46.975] [8743] [HailoRT] [error] [vdevice.cpp:794] [create_devices] CHECK_SUCCESS failed with status=HAILO_INVALID_DRIVER_VERSION(76)
[2025-02-28 09:35:46.975] [8743] [HailoRT] [error] [vdevice.cpp:631] [create] CHECK_SUCCESS failed with status=HAILO_INVALID_DRIVER_VERSION(76)
[2025-02-28 09:35:46.975] [8743] [HailoRT] [error] [shared_resource_manager.hpp:81] [register_resource] CHECK_SUCCESS failed with status=HAILO_INVALID_DRIVER_VERSION(76)
[2025-02-28 09:35:46.975] [8743] [HailoRT] [error] [vdevice.cpp:132] [create] CHECK_SUCCESS failed with status=HAILO_INVALID_DRIVER_VERSION(76)
[2025-02-28 09:35:46.975] [8743] [HailoRT] [error] [vdevice.cpp:554] [create] CHECK_SUCCESS failed with status=HAILO_INVALID_DRIVER_VERSION(76)
[2025-02-28 09:36:02.591] [8801] [HailoRT] [error] [hailort_driver.cpp:236] [validate_driver_version] CHECK failed - Driver version (4.19.0) is different from library version (4.20.0)
[2025-02-28 09:36:02.597] [8801] [HailoRT] [error] [hailort_driver.cpp:258] [HailoRTDriver] Driver version mismatch, status HAILO_INVALID_DRIVER_VERSION(76)
[2025-02-28 09:36:02.598] [8801] [HailoRT] [error] [hailort_driver.cpp:183] [create] CHECK_SUCCESS failed with status=HAILO_INVALID_DRIVER_VERSION(76)
[2025-02-28 09:36:02.623] [8801] [HailoRT] [error] [pcie_device.cpp:91] [create] CHECK_SUCCESS failed with status=HAILO_INVALID_DRIVER_VERSION(76)
[2025-02-28 09:36:02.623] [8801] [HailoRT] [error] [device.cpp:128] [create_pcie] CHECK_SUCCESS failed with status=HAILO_INVALID_DRIVER_VERSION(76)
[2025-02-28 09:39:30.319] [9311] [HailoRT] [error] [hailort_driver.cpp:236] [validate_driver_version] CHECK failed - Driver version (4.19.0) is different from library version (4.20.0)
[2025-02-28 09:39:30.319] [9311] [HailoRT] [error] [hailort_driver.cpp:258] [HailoRTDriver] Driver version mismatch, status HAILO_INVALID_DRIVER_VERSION(76)
[2025-02-28 09:39:30.319] [9311] [HailoRT] [error] [hailort_driver.cpp:183] [create] CHECK_SUCCESS failed with status=HAILO_INVALID_DRIVER_VERSION(76)
[2025-02-28 09:39:30.347] [9311] [HailoRT] [error] [pcie_device.cpp:91] [create] CHECK_SUCCESS failed with status=HAILO_INVALID_DRIVER_VERSION(76)
[2025-02-28 09:39:30.347] [9311] [HailoRT] [error] [device.cpp:128] [create_pcie] CHECK_SUCCESS failed with status=HAILO_INVALID_DRIVER_VERSION(76)
[2025-02-28 09:41:16.411] [9972] [HailoRT] [error] [hailort_driver.cpp:236] [validate_driver_version] CHECK failed - Driver version (4.19.0) is different from library version (4.20.0)
[2025-02-28 09:41:16.411] [9972] [HailoRT] [error] [hailort_driver.cpp:258] [HailoRTDriver] Driver version mismatch, status HAILO_INVALID_DRIVER_VERSION(76)
[2025-02-28 09:41:16.411] [9972] [HailoRT] [error] [hailort_driver.cpp:183] [create] CHECK_SUCCESS failed with status=HAILO_INVALID_DRIVER_VERSION(76)
[2025-02-28 09:41:16.447] [9972] [HailoRT] [error] [pcie_device.cpp:91] [create] CHECK_SUCCESS failed with status=HAILO_INVALID_DRIVER_VERSION(76)
[2025-02-28 09:41:16.447] [9972] [HailoRT] [error] [device.cpp:128] [create_pcie] CHECK_SUCCESS failed with status=HAILO_INVALID_DRIVER_VERSION(76)
[2025-02-28 09:49:34.095] [26105] [HailoRT] [error] [hailort_driver.cpp:236] [validate_driver_version] CHECK failed - Driver version (4.19.0) is different from library version (4.20.0)
[2025-02-28 09:49:34.095] [26105] [HailoRT] [error] [hailort_driver.cpp:258] [HailoRTDriver] Driver version mismatch, status HAILO_INVALID_DRIVER_VERSION(76)
[2025-02-28 09:49:34.095] [26105] [HailoRT] [error] [hailort_driver.cpp:183] [create] CHECK_SUCCESS failed with status=HAILO_INVALID_DRIVER_VERSION(76)
[2025-02-28 09:49:34.131] [26105] [HailoRT] [error] [pcie_device.cpp:91] [create] CHECK_SUCCESS failed with status=HAILO_INVALID_DRIVER_VERSION(76)
[2025-02-28 09:49:34.131] [26105] [HailoRT] [error] [device.cpp:128] [create_pcie] CHECK_SUCCESS failed with status=HAILO_INVALID_DRIVER_VERSION(76)
[2025-02-28 09:54:00.746] [26863] [HailoRT] [error] [driver_os_specific.cpp:44] [list_devices] Can't find hailort driver class. Can happen if the driver is not installed, if the kernel was updated or on some driver failure (then read driver dmesg log)
[2025-02-28 09:54:00.746] [26863] [HailoRT] [error] [driver_os_specific.cpp:69] [scan_devices] CHECK_SUCCESS failed with status=HAILO_DRIVER_NOT_INSTALLED(64) - Failed listing hailo devices
[2025-02-28 09:54:00.746] [26863] [HailoRT] [error] [driver_os_specific.cpp:97] [scan_nnc_devices] CHECK_SUCCESS failed with status=HAILO_DRIVER_NOT_INSTALLED(64)
[2025-02-28 09:54:00.746] [26863] [HailoRT] [error] [hailort_driver.cpp:318] [scan_all_devices] CHECK_SUCCESS failed with status=HAILO_DRIVER_NOT_INSTALLED(64)
[2025-02-28 09:54:00.746] [26863] [HailoRT] [error] [pcie_device.cpp:36] [scan] CHECK_SUCCESS failed with status=HAILO_DRIVER_NOT_INSTALLED(64)
[2025-02-28 09:54:00.746] [26863] [HailoRT] [error] [device.cpp:64] [scan] CHECK_SUCCESS failed with status=HAILO_DRIVER_NOT_INSTALLED(64)
[2025-02-28 09:59:34.898] [2893] [HailoRT] [info] [vdevice.cpp:523] [create] Creating vdevice with params: device_count: 1, scheduling_algorithm: ROUND_ROBIN, multi_process_service: false
[2025-02-28 09:59:34.903] [2893] [HailoRT] [error] [vdevice.cpp:820] [create_devices] CHECK failed - Failed to create vdevice. there are not enough free devices. requested: 1, found: 0
[2025-02-28 09:59:34.905] [2893] [HailoRT] [error] [vdevice.cpp:631] [create] CHECK_SUCCESS failed with status=HAILO_OUT_OF_PHYSICAL_DEVICES(74)
[2025-02-28 09:59:34.905] [2893] [HailoRT] [error] [shared_resource_manager.hpp:81] [register_resource] CHECK_SUCCESS failed with status=HAILO_OUT_OF_PHYSICAL_DEVICES(74)
[2025-02-28 09:59:34.905] [2893] [HailoRT] [error] [vdevice.cpp:132] [create] CHECK_SUCCESS failed with status=HAILO_OUT_OF_PHYSICAL_DEVICES(74)
[2025-02-28 09:59:34.905] [2893] [HailoRT] [error] [vdevice.cpp:554] [create] CHECK_SUCCESS failed with status=HAILO_OUT_OF_PHYSICAL_DEVICES(74)
